{
  "RSpec": {
    "coverage": {
      "/Users/sierratucker/turing/3module/projects/viewing_party_lite/app/helpers/application_helper.rb": {
        "lines": [
          1,
          null
        ]
      },
      "/Users/sierratucker/turing/3module/projects/viewing_party_lite/app/facades/movies_facade.rb": {
        "lines": [
          1,
          1,
          1,
          2,
          2,
          80,
          null,
          null,
          null,
          1,
          5,
          5,
          null,
          null,
          3,
          60,
          null,
          null,
          null,
          null,
          1,
          21,
          21,
          null,
          null,
          1,
          4,
          316,
          null,
          null,
          null,
          1,
          4,
          28,
          null,
          null,
          null,
          null
        ]
      },
      "/Users/sierratucker/turing/3module/projects/viewing_party_lite/app/models/party.rb": {
        "lines": [
          1,
          1,
          1,
          1,
          null,
          1,
          1,
          null,
          1,
          2,
          null,
          null,
          null,
          null,
          1,
          6,
          null,
          null
        ]
      },
      "/Users/sierratucker/turing/3module/projects/viewing_party_lite/app/models/application_record.rb": {
        "lines": [
          1,
          1,
          null
        ]
      },
      "/Users/sierratucker/turing/3module/projects/viewing_party_lite/app/models/user_party.rb": {
        "lines": [
          1,
          1,
          1,
          null
        ]
      },
      "/Users/sierratucker/turing/3module/projects/viewing_party_lite/app/models/user.rb": {
        "lines": [
          1,
          1,
          1,
          1,
          1,
          1,
          1,
          1,
          null
        ]
      },
      "/Users/sierratucker/turing/3module/projects/viewing_party_lite/app/poros/cast_member.rb": {
        "lines": [
          1,
          1,
          null,
          null,
          1,
          318,
          318,
          null,
          null
        ]
      },
      "/Users/sierratucker/turing/3module/projects/viewing_party_lite/app/poros/movie.rb": {
        "lines": [
          1,
          1,
          null,
          null,
          null,
          null,
          null,
          null,
          null,
          null,
          1,
          163,
          163,
          163,
          163,
          163,
          163,
          163,
          163,
          null,
          null
        ]
      },
      "/Users/sierratucker/turing/3module/projects/viewing_party_lite/app/poros/review.rb": {
        "lines": [
          1,
          1,
          null,
          null,
          1,
          30,
          30,
          null,
          null
        ]
      },
      "/Users/sierratucker/turing/3module/projects/viewing_party_lite/app/services/movie_service.rb": {
        "lines": [
          1,
          1,
          3,
          3,
          3,
          null,
          null,
          1,
          6,
          6,
          null,
          null,
          1,
          22,
          null,
          null,
          1,
          5,
          null,
          null,
          1,
          5,
          null,
          null,
          1,
          1,
          44,
          44,
          null,
          null,
          null,
          1,
          44,
          44,
          null,
          null
        ]
      },
      "/Users/sierratucker/turing/3module/projects/viewing_party_lite/app/controllers/application_controller.rb": {
        "lines": [
          1,
          1,
          null,
          null,
          1,
          8,
          null,
          null,
          1,
          13,
          0,
          0,
          null,
          null,
          null
        ]
      },
      "/Users/sierratucker/turing/3module/projects/viewing_party_lite/app/controllers/discover_controller.rb": {
        "lines": [
          1,
          1,
          null,
          null,
          null
        ]
      },
      "/Users/sierratucker/turing/3module/projects/viewing_party_lite/app/controllers/movies_controller.rb": {
        "lines": [
          1,
          null,
          null,
          1,
          5,
          1,
          4,
          4,
          null,
          null,
          null,
          1,
          3,
          3,
          3,
          null,
          null,
          null,
          null,
          null,
          null
        ]
      },
      "/Users/sierratucker/turing/3module/projects/viewing_party_lite/app/controllers/landing_controller.rb": {
        "lines": [
          1,
          1,
          9,
          null,
          null
        ]
      },
      "/Users/sierratucker/turing/3module/projects/viewing_party_lite/app/controllers/sessions_controller.rb": {
        "lines": [
          1,
          1,
          null,
          1,
          null,
          null,
          1,
          3,
          3,
          2,
          2,
          2,
          null,
          1,
          1,
          null,
          null,
          null,
          1,
          1,
          1,
          null,
          null
        ]
      },
      "/Users/sierratucker/turing/3module/projects/viewing_party_lite/app/controllers/parties_controller.rb": {
        "lines": [
          1,
          1,
          1,
          7,
          null,
          7,
          null,
          null,
          1,
          5,
          5,
          null,
          5,
          null,
          4,
          11,
          null,
          4,
          null,
          1,
          1,
          null,
          null,
          null,
          null,
          null,
          null,
          null,
          1,
          1,
          5,
          null,
          null
        ]
      },
      "/Users/sierratucker/turing/3module/projects/viewing_party_lite/app/controllers/users_controller.rb": {
        "lines": [
          1,
          null,
          null,
          1,
          10,
          null,
          null,
          1,
          6,
          null,
          null,
          1,
          4,
          4,
          3,
          3,
          null,
          1,
          1,
          null,
          null,
          null,
          null,
          null,
          null,
          null,
          null,
          null,
          null,
          null,
          null,
          null,
          null,
          null,
          null,
          null,
          null,
          1,
          1,
          4,
          null,
          null,
          1,
          3,
          1,
          1,
          1,
          null,
          2,
          2,
          null,
          null,
          null
        ]
      },
      "/Users/sierratucker/turing/3module/projects/viewing_party_lite/app/mailers/application_mailer.rb": {
        "lines": [
          0,
          0,
          0,
          0
        ],
        "branches": {
        }
      },
      "/Users/sierratucker/turing/3module/projects/viewing_party_lite/app/jobs/application_job.rb": {
        "lines": [
          0,
          0
        ],
        "branches": {
        }
      },
      "/Users/sierratucker/turing/3module/projects/viewing_party_lite/app/channels/application_cable/connection.rb": {
        "lines": [
          0,
          0,
          0,
          0
        ],
        "branches": {
        }
      },
      "/Users/sierratucker/turing/3module/projects/viewing_party_lite/app/channels/application_cable/channel.rb": {
        "lines": [
          0,
          0,
          0,
          0
        ],
        "branches": {
        }
      }
    },
    "timestamp": 1645160343
  }
}
